Flow report for ControleMotor
Mon Nov 18 13:32:47 2013
Quartus II Version 9.1 Build 222 10/21/2009 SJ Web Edition


---------------------
; Table of Contents ;
---------------------
  1. Legal Notice
  2. Flow Summary
  3. Flow Settings
  4. Flow Non-Default Global Settings
  5. Flow Elapsed Time
  6. Flow OS Summary
  7. Flow Log



----------------
; Legal Notice ;
----------------
Copyright (C) 1991-2009 Altera Corporation
Your use of Altera Corporation's design tools, logic functions 
and other software and tools, and its AMPP partner logic 
functions, and any output files from any of the foregoing 
(including device programming or simulation files), and any 
associated documentation or information are expressly subject 
to the terms and conditions of the Altera Program License 
Subscription Agreement, Altera MegaCore Function License 
Agreement, or other applicable license agreement, including, 
without limitation, that your use is for the sole purpose of 
programming logic devices manufactured by Altera and sold by 
Altera or its authorized distributors.  Please refer to the 
applicable agreement for further details.



+-------------------------------------------------------------------+
; Flow Summary                                                      ;
+-------------------------+-----------------------------------------+
; Flow Status             ; Successful - Mon Nov 18 13:32:47 2013   ;
; Quartus II Version      ; 9.1 Build 222 10/21/2009 SJ Web Edition ;
; Revision Name           ; ControleMotor                           ;
; Top-level Entity Name   ; TrabalhoFinal                           ;
; Family                  ; MAX II                                  ;
; Device                  ; EPM1270F256C5                           ;
; Timing Models           ; Final                                   ;
; Met timing requirements ; Yes                                     ;
; Total logic elements    ; 285 / 1,270 ( 22 % )                    ;
; Total pins              ; 14 / 212 ( 7 % )                        ;
; Total virtual pins      ; 0                                       ;
; UFM blocks              ; 0 / 1 ( 0 % )                           ;
+-------------------------+-----------------------------------------+


+-----------------------------------------+
; Flow Settings                           ;
+-------------------+---------------------+
; Option            ; Setting             ;
+-------------------+---------------------+
; Start date & time ; 11/18/2013 13:32:31 ;
; Main task         ; Compilation         ;
; Revision Name     ; ControleMotor       ;
+-------------------+---------------------+


+---------------------------------------------------------------------------------------------------------------------------------------------+
; Flow Non-Default Global Settings                                                                                                            ;
+---------------------------------------+------------------------------------------------------+---------------+-------------+----------------+
; Assignment Name                       ; Value                                                ; Default Value ; Entity Name ; Section Id     ;
+---------------------------------------+------------------------------------------------------+---------------+-------------+----------------+
; COMPILER_SIGNATURE_ID                 ; 162976391602100.138478875103600                      ; --            ; --          ; --             ;
; MAX_CORE_JUNCTION_TEMP                ; 85                                                   ; --            ; --          ; --             ;
; MIN_CORE_JUNCTION_TEMP                ; 0                                                    ; --            ; --          ; --             ;
; MISC_FILE                             ; C:/altera/91/quartus/TrabalhoFinal/ControleMotor.dpf ; --            ; --          ; --             ;
; POWER_EXT_SUPPLY_VOLTAGE_TO_REGULATOR ; 3.3V                                                 ; --            ; --          ; --             ;
; TOP_LEVEL_ENTITY                      ; TrabalhoFinal                                        ; ControleMotor ; --          ; --             ;
; USE_GENERATED_PHYSICAL_CONSTRAINTS    ; Off                                                  ; --            ; --          ; eda_blast_fpga ;
+---------------------------------------+------------------------------------------------------+---------------+-------------+----------------+


+-----------------------------------------------------------------------------------------------------------------------------+
; Flow Elapsed Time                                                                                                           ;
+-------------------------+--------------+-------------------------+---------------------+------------------------------------+
; Module Name             ; Elapsed Time ; Average Processors Used ; Peak Virtual Memory ; Total CPU Time (on all processors) ;
+-------------------------+--------------+-------------------------+---------------------+------------------------------------+
; Analysis & Synthesis    ; 00:00:05     ; 1.0                     ; 229 MB              ; 00:00:03                           ;
; Fitter                  ; 00:00:04     ; 1.0                     ; 194 MB              ; 00:00:02                           ;
; Assembler               ; 00:00:01     ; 1.0                     ; 180 MB              ; 00:00:00                           ;
; Classic Timing Analyzer ; 00:00:00     ; 1.0                     ; 151 MB              ; 00:00:01                           ;
; Total                   ; 00:00:10     ; --                      ; --                  ; 00:00:06                           ;
+-------------------------+--------------+-------------------------+---------------------+------------------------------------+


+------------------------------------------------------------------------------------------+
; Flow OS Summary                                                                          ;
+-------------------------+------------------+---------------+------------+----------------+
; Module Name             ; Machine Hostname ; OS Name       ; OS Version ; Processor type ;
+-------------------------+------------------+---------------+------------+----------------+
; Analysis & Synthesis    ; Tatiane-PC       ; Windows Vista ; 6.1        ; x86_64         ;
; Fitter                  ; Tatiane-PC       ; Windows Vista ; 6.1        ; x86_64         ;
; Assembler               ; Tatiane-PC       ; Windows Vista ; 6.1        ; x86_64         ;
; Classic Timing Analyzer ; Tatiane-PC       ; Windows Vista ; 6.1        ; x86_64         ;
+-------------------------+------------------+---------------+------------+----------------+


------------
; Flow Log ;
------------
quartus_map --read_settings_files=on --write_settings_files=off TrabalhoFinal -c ControleMotor
quartus_fit --read_settings_files=off --write_settings_files=off TrabalhoFinal -c ControleMotor
quartus_asm --read_settings_files=off --write_settings_files=off TrabalhoFinal -c ControleMotor
quartus_tan --read_settings_files=off --write_settings_files=off TrabalhoFinal -c ControleMotor



