Analysis & Synthesis report for ControleMotor
Mon Nov 18 13:32:36 2013
Quartus II Version 9.1 Build 222 10/21/2009 SJ Web Edition


---------------------
; Table of Contents ;
---------------------
  1. Legal Notice
  2. Analysis & Synthesis Summary
  3. Analysis & Synthesis Settings
  4. Parallel Compilation
  5. Analysis & Synthesis Source Files Read
  6. Analysis & Synthesis Resource Usage Summary
  7. Analysis & Synthesis Resource Utilization by Entity
  8. State Machine - |TrabalhoFinal|FPGA_ADCMAX1111:m2|estado
  9. Registers Removed During Synthesis
 10. General Register Statistics
 11. Multiplexer Restructuring Statistics (Restructuring Performed)
 12. Port Connectivity Checks: "PWM:m5"
 13. Port Connectivity Checks: "PWM:m1"
 14. Analysis & Synthesis Messages



----------------
; Legal Notice ;
----------------
Copyright (C) 1991-2009 Altera Corporation
Your use of Altera Corporation's design tools, logic functions 
and other software and tools, and its AMPP partner logic 
functions, and any output files from any of the foregoing 
(including device programming or simulation files), and any 
associated documentation or information are expressly subject 
to the terms and conditions of the Altera Program License 
Subscription Agreement, Altera MegaCore Function License 
Agreement, or other applicable license agreement, including, 
without limitation, that your use is for the sole purpose of 
programming logic devices manufactured by Altera and sold by 
Altera or its authorized distributors.  Please refer to the 
applicable agreement for further details.



+-----------------------------------------------------------------------+
; Analysis & Synthesis Summary                                          ;
+-----------------------------+-----------------------------------------+
; Analysis & Synthesis Status ; Successful - Mon Nov 18 13:32:36 2013   ;
; Quartus II Version          ; 9.1 Build 222 10/21/2009 SJ Web Edition ;
; Revision Name               ; ControleMotor                           ;
; Top-level Entity Name       ; TrabalhoFinal                           ;
; Family                      ; MAX II                                  ;
; Total logic elements        ; 315                                     ;
; Total pins                  ; 14                                      ;
; Total virtual pins          ; 0                                       ;
; UFM blocks                  ; 0 / 1 ( 0 % )                           ;
+-----------------------------+-----------------------------------------+


+----------------------------------------------------------------------------------------------------------------------+
; Analysis & Synthesis Settings                                                                                        ;
+----------------------------------------------------------------------------+--------------------+--------------------+
; Option                                                                     ; Setting            ; Default Value      ;
+----------------------------------------------------------------------------+--------------------+--------------------+
; Device                                                                     ; EPM1270F256C5      ;                    ;
; Top-level entity name                                                      ; TrabalhoFinal      ; ControleMotor      ;
; Family name                                                                ; MAX II             ; Stratix II         ;
; Use Generated Physical Constraints File                                    ; Off                ;                    ;
; Use smart compilation                                                      ; Off                ; Off                ;
; Enable parallel Assembler and TimeQuest Timing Analyzer during compilation ; On                 ; On                 ;
; Enable compact report table                                                ; Off                ; Off                ;
; Restructure Multiplexers                                                   ; Auto               ; Auto               ;
; Create Debugging Nodes for IP Cores                                        ; Off                ; Off                ;
; Preserve fewer node names                                                  ; On                 ; On                 ;
; Disable OpenCore Plus hardware evaluation                                  ; Off                ; Off                ;
; Verilog Version                                                            ; Verilog_2001       ; Verilog_2001       ;
; VHDL Version                                                               ; VHDL_1993          ; VHDL_1993          ;
; State Machine Processing                                                   ; Auto               ; Auto               ;
; Safe State Machine                                                         ; Off                ; Off                ;
; Extract Verilog State Machines                                             ; On                 ; On                 ;
; Extract VHDL State Machines                                                ; On                 ; On                 ;
; Ignore Verilog initial constructs                                          ; Off                ; Off                ;
; Iteration limit for constant Verilog loops                                 ; 5000               ; 5000               ;
; Iteration limit for non-constant Verilog loops                             ; 250                ; 250                ;
; Add Pass-Through Logic to Inferred RAMs                                    ; On                 ; On                 ;
; Parallel Synthesis                                                         ; On                 ; On                 ;
; NOT Gate Push-Back                                                         ; On                 ; On                 ;
; Power-Up Don't Care                                                        ; On                 ; On                 ;
; Remove Redundant Logic Cells                                               ; Off                ; Off                ;
; Remove Duplicate Registers                                                 ; On                 ; On                 ;
; Ignore CARRY Buffers                                                       ; Off                ; Off                ;
; Ignore CASCADE Buffers                                                     ; Off                ; Off                ;
; Ignore GLOBAL Buffers                                                      ; Off                ; Off                ;
; Ignore ROW GLOBAL Buffers                                                  ; Off                ; Off                ;
; Ignore LCELL Buffers                                                       ; Off                ; Off                ;
; Ignore SOFT Buffers                                                        ; On                 ; On                 ;
; Limit AHDL Integers to 32 Bits                                             ; Off                ; Off                ;
; Optimization Technique                                                     ; Balanced           ; Balanced           ;
; Carry Chain Length                                                         ; 70                 ; 70                 ;
; Auto Carry Chains                                                          ; On                 ; On                 ;
; Auto Open-Drain Pins                                                       ; On                 ; On                 ;
; Perform WYSIWYG Primitive Resynthesis                                      ; Off                ; Off                ;
; Auto Shift Register Replacement                                            ; Auto               ; Auto               ;
; Auto Clock Enable Replacement                                              ; On                 ; On                 ;
; Allow Synchronous Control Signals                                          ; On                 ; On                 ;
; Force Use of Synchronous Clear Signals                                     ; Off                ; Off                ;
; Auto Resource Sharing                                                      ; Off                ; Off                ;
; Use LogicLock Constraints during Resource Balancing                        ; On                 ; On                 ;
; Ignore translate_off and synthesis_off directives                          ; Off                ; Off                ;
; Show Parameter Settings Tables in Synthesis Report                         ; On                 ; On                 ;
; Ignore Maximum Fan-Out Assignments                                         ; Off                ; Off                ;
; Synchronization Register Chain Length                                      ; 2                  ; 2                  ;
; PowerPlay Power Optimization                                               ; Normal compilation ; Normal compilation ;
; HDL message level                                                          ; Level2             ; Level2             ;
; Suppress Register Optimization Related Messages                            ; Off                ; Off                ;
; Number of Removed Registers Reported in Synthesis Report                   ; 100                ; 100                ;
; Number of Inverted Registers Reported in Synthesis Report                  ; 100                ; 100                ;
; Clock MUX Protection                                                       ; On                 ; On                 ;
; Block Design Naming                                                        ; Auto               ; Auto               ;
; Synthesis Effort                                                           ; Auto               ; Auto               ;
; Shift Register Replacement - Allow Asynchronous Clear Signal               ; On                 ; On                 ;
; Analysis & Synthesis Message Level                                         ; Medium             ; Medium             ;
; Disable Register Merging Across Hierarchies                                ; Auto               ; Auto               ;
+----------------------------------------------------------------------------+--------------------+--------------------+


Parallel compilation was disabled, but you have multiple processors available. Enable parallel compilation to reduce compilation time.
+-------------------------------------+
; Parallel Compilation                ;
+----------------------------+--------+
; Processors                 ; Number ;
+----------------------------+--------+
; Number detected on machine ; 2      ;
; Maximum allowed            ; 1      ;
+----------------------------+--------+


+--------------------------------------------------------------------------------------------------------------------------------+
; Analysis & Synthesis Source Files Read                                                                                         ;
+----------------------------------+-----------------+-----------------+---------------------------------------------------------+
; File Name with User-Entered Path ; Used in Netlist ; File Type       ; File Name with Absolute Path                            ;
+----------------------------------+-----------------+-----------------+---------------------------------------------------------+
; CLOCK_GENERATOR.vhdl             ; yes             ; User VHDL File  ; C:/altera/91/quartus/TrabalhoFinal/CLOCK_GENERATOR.vhdl ;
; FPGA_ADCMAX1111.vhdl             ; yes             ; User VHDL File  ; C:/altera/91/quartus/TrabalhoFinal/FPGA_ADCMAX1111.vhdl ;
; PWM.vhd                          ; yes             ; User VHDL File  ; C:/altera/91/quartus/TrabalhoFinal/PWM.vhd              ;
; ControleMotor.vhd                ; yes             ; User VHDL File  ; C:/altera/91/quartus/TrabalhoFinal/ControleMotor.vhd    ;
; TrabalhoFinal.vhd                ; yes             ; User VHDL File  ; C:/altera/91/quartus/TrabalhoFinal/TrabalhoFinal.vhd    ;
; PulseProcessor.vhd               ; yes             ; User VHDL File  ; C:/altera/91/quartus/TrabalhoFinal/PulseProcessor.vhd   ;
+----------------------------------+-----------------+-----------------+---------------------------------------------------------+


+--------------------------------------------------------+
; Analysis & Synthesis Resource Usage Summary            ;
+---------------------------------------------+----------+
; Resource                                    ; Usage    ;
+---------------------------------------------+----------+
; Total logic elements                        ; 315      ;
;     -- Combinational with no register       ; 172      ;
;     -- Register only                        ; 55       ;
;     -- Combinational with a register        ; 88       ;
;                                             ;          ;
; Logic element usage by number of LUT inputs ;          ;
;     -- 4 input functions                    ; 87       ;
;     -- 3 input functions                    ; 36       ;
;     -- 2 input functions                    ; 131      ;
;     -- 1 input functions                    ; 6        ;
;     -- 0 input functions                    ; 0        ;
;                                             ;          ;
; Logic elements by mode                      ;          ;
;     -- normal mode                          ; 208      ;
;     -- arithmetic mode                      ; 107      ;
;     -- qfbk mode                            ; 0        ;
;     -- register cascade mode                ; 0        ;
;     -- synchronous clear/load mode          ; 0        ;
;     -- asynchronous clear/load mode         ; 61       ;
;                                             ;          ;
; Total registers                             ; 143      ;
; Total logic cells in carry chains           ; 111      ;
; I/O pins                                    ; 14       ;
; Maximum fan-out node                        ; sysClock ;
; Maximum fan-out                             ; 102      ;
; Total fan-out                               ; 1021     ;
; Average fan-out                             ; 3.10     ;
+---------------------------------------------+----------+


+-----------------------------------------------------------------------------------------------------------------------------------------------------------------------------------------------------------------------------------------------------------+
; Analysis & Synthesis Resource Utilization by Entity                                                                                                                                                                                                       ;
+------------------------------+-------------+--------------+------------+------+--------------+--------------+-------------------+------------------+-----------------+------------+--------------------------------------------------------+--------------+
; Compilation Hierarchy Node   ; Logic Cells ; LC Registers ; UFM Blocks ; Pins ; Virtual Pins ; LUT-Only LCs ; Register-Only LCs ; LUT/Register LCs ; Carry Chain LCs ; Packed LCs ; Full Hierarchy Name                                    ; Library Name ;
+------------------------------+-------------+--------------+------------+------+--------------+--------------+-------------------+------------------+-----------------+------------+--------------------------------------------------------+--------------+
; |TrabalhoFinal               ; 315 (1)     ; 143          ; 0          ; 14   ; 0            ; 172 (1)      ; 55 (0)            ; 88 (0)           ; 111 (0)         ; 0 (0)      ; |TrabalhoFinal                                         ; work         ;
;    |ControleMotor:m3|        ; 10 (10)     ; 3            ; 0          ; 0    ; 0            ; 7 (7)        ; 0 (0)             ; 3 (3)            ; 0 (0)           ; 0 (0)      ; |TrabalhoFinal|ControleMotor:m3                        ; work         ;
;    |FPGA_ADCMAX1111:m2|      ; 143 (76)    ; 86           ; 0          ; 0    ; 0            ; 57 (19)      ; 26 (3)            ; 60 (54)          ; 59 (31)         ; 0 (0)      ; |TrabalhoFinal|FPGA_ADCMAX1111:m2                      ; work         ;
;       |CLOCK_GENERATOR:clk1| ; 67 (67)     ; 29           ; 0          ; 0    ; 0            ; 38 (38)      ; 23 (23)           ; 6 (6)            ; 28 (28)         ; 0 (0)      ; |TrabalhoFinal|FPGA_ADCMAX1111:m2|CLOCK_GENERATOR:clk1 ; work         ;
;    |PWM:m1|                  ; 67 (67)     ; 27           ; 0          ; 0    ; 0            ; 40 (40)      ; 16 (16)           ; 11 (11)          ; 26 (26)         ; 0 (0)      ; |TrabalhoFinal|PWM:m1                                  ; work         ;
;    |PWM:m5|                  ; 86 (86)     ; 27           ; 0          ; 0    ; 0            ; 59 (59)      ; 13 (13)           ; 14 (14)          ; 26 (26)         ; 0 (0)      ; |TrabalhoFinal|PWM:m5                                  ; work         ;
;    |PulseProcessor:m4|       ; 8 (8)       ; 0            ; 0          ; 0    ; 0            ; 8 (8)        ; 0 (0)             ; 0 (0)            ; 0 (0)           ; 0 (0)      ; |TrabalhoFinal|PulseProcessor:m4                       ; work         ;
+------------------------------+-------------+--------------+------------+------+--------------+--------------+-------------------+------------------+-----------------+------------+--------------------------------------------------------+--------------+
Note: For table entries with two numbers listed, the numbers in parentheses indicate the number of resources of the given type used by the specific entity alone. The numbers listed outside of parentheses indicate the total resources of the given type used by the specific entity and all of its sub-entities in the hierarchy.


Encoding Type:  One-Hot
+----------------------------------------------------------------------------------------+
; State Machine - |TrabalhoFinal|FPGA_ADCMAX1111:m2|estado                               ;
+--------------------+-----------------+--------------------+--------------+-------------+
; Name               ; estado.finished ; estado.transfering ; estado.start ; estado.idle ;
+--------------------+-----------------+--------------------+--------------+-------------+
; estado.idle        ; 0               ; 0                  ; 0            ; 0           ;
; estado.start       ; 0               ; 0                  ; 1            ; 1           ;
; estado.transfering ; 0               ; 1                  ; 0            ; 1           ;
; estado.finished    ; 1               ; 0                  ; 0            ; 1           ;
+--------------------+-----------------+--------------------+--------------+-------------+


+------------------------------------------------------------+
; Registers Removed During Synthesis                         ;
+---------------------------------------+--------------------+
; Register name                         ; Reason for Removal ;
+---------------------------------------+--------------------+
; FPGA_ADCMAX1111:m2|estado.finished    ; Lost fanout        ;
; Total Number of Removed Registers = 1 ;                    ;
+---------------------------------------+--------------------+


+------------------------------------------------------+
; General Register Statistics                          ;
+----------------------------------------------+-------+
; Statistic                                    ; Value ;
+----------------------------------------------+-------+
; Total registers                              ; 143   ;
; Number of registers using Synchronous Clear  ; 0     ;
; Number of registers using Synchronous Load   ; 0     ;
; Number of registers using Asynchronous Clear ; 61    ;
; Number of registers using Asynchronous Load  ; 0     ;
; Number of registers using Clock Enable       ; 31    ;
; Number of registers using Preset             ; 0     ;
+----------------------------------------------+-------+


+--------------------------------------------------------------------------------------------------------------------------------------------------------------+
; Multiplexer Restructuring Statistics (Restructuring Performed)                                                                                               ;
+--------------------+-----------+---------------+----------------------+------------------------+------------+------------------------------------------------+
; Multiplexer Inputs ; Bus Width ; Baseline Area ; Area if Restructured ; Saving if Restructured ; Registered ; Example Multiplexer Output                     ;
+--------------------+-----------+---------------+----------------------+------------------------+------------+------------------------------------------------+
; 3:1                ; 8 bits    ; 16 LEs        ; 16 LEs               ; 0 LEs                  ; Yes        ; |TrabalhoFinal|FPGA_ADCMAX1111:m2|bitsDados[0] ;
+--------------------+-----------+---------------+----------------------+------------------------+------------+------------------------------------------------+


+---------------------------------------------------+
; Port Connectivity Checks: "PWM:m5"                ;
+-----------------+-------+----------+--------------+
; Port            ; Type  ; Severity ; Details      ;
+-----------------+-------+----------+--------------+
; periodo[25..19] ; Input ; Info     ; Stuck at VCC ;
; periodo[13..10] ; Input ; Info     ; Stuck at VCC ;
; periodo[18..14] ; Input ; Info     ; Stuck at GND ;
; periodo[9..7]   ; Input ; Info     ; Stuck at GND ;
; periodo[5..0]   ; Input ; Info     ; Stuck at GND ;
; periodo[26]     ; Input ; Info     ; Stuck at GND ;
; periodo[6]      ; Input ; Info     ; Stuck at VCC ;
+-----------------+-------+----------+--------------+


+------------------------------------------------------+
; Port Connectivity Checks: "PWM:m1"                   ;
+--------------------+-------+----------+--------------+
; Port               ; Type  ; Severity ; Details      ;
+--------------------+-------+----------+--------------+
; periodo[22..21]    ; Input ; Info     ; Stuck at VCC ;
; periodo[13..12]    ; Input ; Info     ; Stuck at VCC ;
; periodo[26..23]    ; Input ; Info     ; Stuck at GND ;
; periodo[20..19]    ; Input ; Info     ; Stuck at GND ;
; periodo[17..16]    ; Input ; Info     ; Stuck at GND ;
; periodo[5..0]      ; Input ; Info     ; Stuck at GND ;
; periodo[18]        ; Input ; Info     ; Stuck at VCC ;
; periodo[15]        ; Input ; Info     ; Stuck at VCC ;
; periodo[14]        ; Input ; Info     ; Stuck at GND ;
; periodo[11]        ; Input ; Info     ; Stuck at GND ;
; periodo[10]        ; Input ; Info     ; Stuck at VCC ;
; periodo[9]         ; Input ; Info     ; Stuck at GND ;
; periodo[8]         ; Input ; Info     ; Stuck at VCC ;
; periodo[7]         ; Input ; Info     ; Stuck at GND ;
; periodo[6]         ; Input ; Info     ; Stuck at VCC ;
; duty_cicle[21..20] ; Input ; Info     ; Stuck at VCC ;
; duty_cicle[12..11] ; Input ; Info     ; Stuck at VCC ;
; duty_cicle[25..22] ; Input ; Info     ; Stuck at GND ;
; duty_cicle[19..18] ; Input ; Info     ; Stuck at GND ;
; duty_cicle[16..15] ; Input ; Info     ; Stuck at GND ;
; duty_cicle[4..0]   ; Input ; Info     ; Stuck at GND ;
; duty_cicle[17]     ; Input ; Info     ; Stuck at VCC ;
; duty_cicle[14]     ; Input ; Info     ; Stuck at VCC ;
; duty_cicle[13]     ; Input ; Info     ; Stuck at GND ;
; duty_cicle[10]     ; Input ; Info     ; Stuck at GND ;
; duty_cicle[9]      ; Input ; Info     ; Stuck at VCC ;
; duty_cicle[8]      ; Input ; Info     ; Stuck at GND ;
; duty_cicle[7]      ; Input ; Info     ; Stuck at VCC ;
; duty_cicle[6]      ; Input ; Info     ; Stuck at GND ;
; duty_cicle[5]      ; Input ; Info     ; Stuck at VCC ;
+--------------------+-------+----------+--------------+


+-------------------------------+
; Analysis & Synthesis Messages ;
+-------------------------------+
Info: *******************************************************************
Info: Running Quartus II Analysis & Synthesis
    Info: Version 9.1 Build 222 10/21/2009 SJ Web Edition
    Info: Processing started: Mon Nov 18 13:32:31 2013
Info: Command: quartus_map --read_settings_files=on --write_settings_files=off TrabalhoFinal -c ControleMotor
Info: Found 2 design units, including 1 entities, in source file clock_generator.vhdl
    Info: Found design unit 1: CLOCK_GENERATOR-ARCH_CLOCK_GENERATOR
    Info: Found entity 1: CLOCK_GENERATOR
Info: Found 2 design units, including 1 entities, in source file fpga_adcmax1111.vhdl
    Info: Found design unit 1: FPGA_ADCMAX1111-ARCH_FPGA_ADCMAX1111
    Info: Found entity 1: FPGA_ADCMAX1111
Info: Found 2 design units, including 1 entities, in source file shift_register.vhdl
    Info: Found design unit 1: SHIFT_REGISTER-ARCH_SHIFTREGISTER
    Info: Found entity 1: SHIFT_REGISTER
Info: Found 2 design units, including 1 entities, in source file pwm.vhd
    Info: Found design unit 1: PWM-structural
    Info: Found entity 1: PWM
Info: Found 2 design units, including 1 entities, in source file controlemotor.vhd
    Info: Found design unit 1: ControleMotor-structural
    Info: Found entity 1: ControleMotor
Info: Found 2 design units, including 1 entities, in source file trabalhofinal.vhd
    Info: Found design unit 1: TrabalhoFinal-structural
    Info: Found entity 1: TrabalhoFinal
Info: Found 2 design units, including 1 entities, in source file pulseprocessor.vhd
    Info: Found design unit 1: PulseProcessor-structural
    Info: Found entity 1: PulseProcessor
Info: Elaborating entity "TrabalhoFinal" for the top level hierarchy
Info: Elaborating entity "PWM" using architecture "A:structural" for hierarchy "PWM:m1"
Info: Elaborating entity "FPGA_ADCMAX1111" using architecture "A:arch_fpga_adcmax1111" for hierarchy "FPGA_ADCMAX1111:m2"
Info: Elaborating entity "CLOCK_GENERATOR" for hierarchy "FPGA_ADCMAX1111:m2|CLOCK_GENERATOR:clk1"
Info: Elaborating entity "ControleMotor" using architecture "A:structural" for hierarchy "ControleMotor:m3"
Info: Elaborating entity "PulseProcessor" using architecture "A:structural" for hierarchy "PulseProcessor:m4"
Warning: Output pins are stuck at VCC or GND
    Warning (13410): Pin "ADC_SHDN" is stuck at VCC
Info: 1 registers lost all their fanouts during netlist optimizations. The first 1 are displayed below.
    Info: Register "FPGA_ADCMAX1111:m2|estado.finished" lost all its fanouts during netlist optimizations.
Info: Implemented 329 device resources after synthesis - the final resource count might be different
    Info: Implemented 5 input pins
    Info: Implemented 9 output pins
    Info: Implemented 315 logic cells
Info: Quartus II Analysis & Synthesis was successful. 0 errors, 2 warnings
    Info: Peak virtual memory: 229 megabytes
    Info: Processing ended: Mon Nov 18 13:32:36 2013
    Info: Elapsed time: 00:00:05
    Info: Total CPU time (on all processors): 00:00:03


